[23-Oct-2024 16:38:33 UTC] PHP Parse error:  syntax error, unexpected token "}" in D:\xampp\htdocs\wp-plugin-craft\wp-content\plugins\wp-crud-employee\MyEmployees.php on line 89
[24-Oct-2024 08:15:01 UTC] PHP Warning:  mysqli_real_connect(): (HY000/2002): No connection could be made because the target machine actively refused it in D:\xampp\htdocs\wp-plugin-craft\wp-includes\class-wpdb.php on line 1982
[24-Oct-2024 08:15:14 UTC] PHP Warning:  mysqli_real_connect(): (HY000/2002): No connection could be made because the target machine actively refused it in D:\xampp\htdocs\wp-plugin-craft\wp-includes\class-wpdb.php on line 1982
[24-Oct-2024 08:15:14 UTC] PHP Warning:  mysqli_real_connect(): (HY000/2002): No connection could be made because the target machine actively refused it in D:\xampp\htdocs\wp-plugin-craft\wp-includes\class-wpdb.php on line 1982
[24-Oct-2024 09:05:49 UTC] Automatic updates starting...
[24-Oct-2024 09:05:50 UTC] Automatic updates complete.
[24-Oct-2024 14:56:54 UTC] PHP Warning:  Undefined array key "url" in C:\laragon\www\wp-plugin-craft\wp-content\plugins\wp-crud-employee\MyEmployees.php on line 96
[24-Oct-2024 15:58:40 UTC] PHP Warning:  Undefined array key "url" in C:\laragon\www\wp-plugin-craft\wp-content\plugins\wp-crud-employee\MyEmployees.php on line 97
[24-Oct-2024 15:58:42 UTC] PHP Warning:  Undefined array key "url" in C:\laragon\www\wp-plugin-craft\wp-content\plugins\wp-crud-employee\MyEmployees.php on line 97
[24-Oct-2024 15:58:45 UTC] PHP Warning:  Undefined array key "url" in C:\laragon\www\wp-plugin-craft\wp-content\plugins\wp-crud-employee\MyEmployees.php on line 97
[24-Oct-2024 16:00:27 UTC] PHP Warning:  Undefined array key "url" in C:\laragon\www\wp-plugin-craft\wp-content\plugins\wp-crud-employee\MyEmployees.php on line 97
[24-Oct-2024 16:05:53 UTC] PHP Warning:  Undefined array key "url" in C:\laragon\www\wp-plugin-craft\wp-content\plugins\wp-crud-employee\MyEmployees.php on line 97
[24-Oct-2024 16:08:04 UTC] PHP Warning:  Undefined array key "url" in C:\laragon\www\wp-plugin-craft\wp-content\plugins\wp-crud-employee\MyEmployees.php on line 97
[24-Oct-2024 16:54:13 UTC] WordPress database error You have an error in your SQL syntax; check the manual that corresponds to your MySQL server version for the right syntax to use near '' at line 1 for query SELECT * FROM wp_employees WHERE id =  made by do_action('wp_ajax_wce_get_employee_data'), WP_Hook->do_action, WP_Hook->apply_filters, MyEmployees->getEmployeeData
[24-Oct-2024 16:54:21 UTC] WordPress database error You have an error in your SQL syntax; check the manual that corresponds to your MySQL server version for the right syntax to use near '' at line 1 for query SELECT * FROM wp_employees WHERE id =  made by do_action('wp_ajax_wce_get_employee_data'), WP_Hook->do_action, WP_Hook->apply_filters, MyEmployees->getEmployeeData
[24-Oct-2024 16:55:28 UTC] WordPress database error You have an error in your SQL syntax; check the manual that corresponds to your MySQL server version for the right syntax to use near '' at line 1 for query SELECT * FROM wp_employees WHERE id =  made by do_action('wp_ajax_wce_get_employee_data'), WP_Hook->do_action, WP_Hook->apply_filters, MyEmployees->getEmployeeData
[24-Oct-2024 16:56:05 UTC] WordPress database error You have an error in your SQL syntax; check the manual that corresponds to your MySQL server version for the right syntax to use near '' at line 1 for query SELECT * FROM wp_employees WHERE id =  made by do_action('wp_ajax_wce_get_employee_data'), WP_Hook->do_action, WP_Hook->apply_filters, MyEmployees->getEmployeeData
[24-Oct-2024 16:56:41 UTC] WordPress database error You have an error in your SQL syntax; check the manual that corresponds to your MySQL server version for the right syntax to use near '' at line 1 for query SELECT * FROM wp_employees WHERE id =  made by do_action('wp_ajax_wce_get_employee_data'), WP_Hook->do_action, WP_Hook->apply_filters, MyEmployees->getEmployeeData
[24-Oct-2024 16:58:32 UTC] WordPress database error You have an error in your SQL syntax; check the manual that corresponds to your MySQL server version for the right syntax to use near '' at line 1 for query SELECT * FROM wp_employees WHERE id =  made by do_action('wp_ajax_wce_get_employee_data'), WP_Hook->do_action, WP_Hook->apply_filters, MyEmployees->getEmployeeData
[24-Oct-2024 18:56:59 UTC] PHP Warning:  Undefined array key "name" in C:\laragon\www\wp-plugin-craft\wp-content\plugins\wp-crud-employee\MyEmployees.php on line 188
[24-Oct-2024 18:56:59 UTC] PHP Warning:  Undefined array key "email" in C:\laragon\www\wp-plugin-craft\wp-content\plugins\wp-crud-employee\MyEmployees.php on line 189
[24-Oct-2024 18:56:59 UTC] PHP Warning:  Undefined array key "designation" in C:\laragon\www\wp-plugin-craft\wp-content\plugins\wp-crud-employee\MyEmployees.php on line 190
[24-Oct-2024 18:57:05 UTC] PHP Warning:  Undefined array key "name" in C:\laragon\www\wp-plugin-craft\wp-content\plugins\wp-crud-employee\MyEmployees.php on line 188
[24-Oct-2024 18:57:05 UTC] PHP Warning:  Undefined array key "email" in C:\laragon\www\wp-plugin-craft\wp-content\plugins\wp-crud-employee\MyEmployees.php on line 189
[24-Oct-2024 18:57:05 UTC] PHP Warning:  Undefined array key "designation" in C:\laragon\www\wp-plugin-craft\wp-content\plugins\wp-crud-employee\MyEmployees.php on line 190
[24-Oct-2024 18:57:16 UTC] PHP Warning:  Undefined array key "name" in C:\laragon\www\wp-plugin-craft\wp-content\plugins\wp-crud-employee\MyEmployees.php on line 188
[24-Oct-2024 18:57:16 UTC] PHP Warning:  Undefined array key "email" in C:\laragon\www\wp-plugin-craft\wp-content\plugins\wp-crud-employee\MyEmployees.php on line 189
[24-Oct-2024 18:57:16 UTC] PHP Warning:  Undefined array key "designation" in C:\laragon\www\wp-plugin-craft\wp-content\plugins\wp-crud-employee\MyEmployees.php on line 190
[24-Oct-2024 18:58:02 UTC] PHP Warning:  Undefined array key "name" in C:\laragon\www\wp-plugin-craft\wp-content\plugins\wp-crud-employee\MyEmployees.php on line 188
[24-Oct-2024 18:58:02 UTC] PHP Warning:  Undefined array key "email" in C:\laragon\www\wp-plugin-craft\wp-content\plugins\wp-crud-employee\MyEmployees.php on line 189
[24-Oct-2024 18:58:02 UTC] PHP Warning:  Undefined array key "designation" in C:\laragon\www\wp-plugin-craft\wp-content\plugins\wp-crud-employee\MyEmployees.php on line 190
[24-Oct-2024 19:09:02 UTC] PHP Warning:  Undefined array key "name" in C:\laragon\www\wp-plugin-craft\wp-content\plugins\wp-crud-employee\MyEmployees.php on line 188
[24-Oct-2024 19:09:02 UTC] PHP Warning:  Undefined array key "email" in C:\laragon\www\wp-plugin-craft\wp-content\plugins\wp-crud-employee\MyEmployees.php on line 189
[24-Oct-2024 19:09:02 UTC] PHP Warning:  Undefined array key "designation" in C:\laragon\www\wp-plugin-craft\wp-content\plugins\wp-crud-employee\MyEmployees.php on line 190
[24-Oct-2024 19:12:38 UTC] PHP Warning:  Undefined array key "name" in C:\laragon\www\wp-plugin-craft\wp-content\plugins\wp-crud-employee\MyEmployees.php on line 188
[24-Oct-2024 19:12:38 UTC] PHP Warning:  Undefined array key "email" in C:\laragon\www\wp-plugin-craft\wp-content\plugins\wp-crud-employee\MyEmployees.php on line 189
[24-Oct-2024 19:12:38 UTC] PHP Warning:  Undefined array key "designation" in C:\laragon\www\wp-plugin-craft\wp-content\plugins\wp-crud-employee\MyEmployees.php on line 190
[24-Oct-2024 19:14:15 UTC] PHP Warning:  Undefined array key "name" in C:\laragon\www\wp-plugin-craft\wp-content\plugins\wp-crud-employee\MyEmployees.php on line 188
[24-Oct-2024 19:14:15 UTC] PHP Warning:  Undefined array key "email" in C:\laragon\www\wp-plugin-craft\wp-content\plugins\wp-crud-employee\MyEmployees.php on line 189
[24-Oct-2024 19:14:15 UTC] PHP Warning:  Undefined array key "designation" in C:\laragon\www\wp-plugin-craft\wp-content\plugins\wp-crud-employee\MyEmployees.php on line 190
[24-Oct-2024 19:16:06 UTC] WordPress database error Unknown column 'employee_name' in 'field list' for query UPDATE `wp_employees` SET `employee_name` = 'gautamdheer', `employee_email` = 'gautam.litesh@gmail.com', `employee_designation` = 'php_developer', `employee_profile_image` = '' WHERE `id` = '31' made by do_action('wp_ajax_wce_edit_employee'), WP_Hook->do_action, WP_Hook->apply_filters, MyEmployees->updateEmployee
[24-Oct-2024 19:19:10 UTC] PHP Warning:  Undefined array key "name" in C:\laragon\www\wp-plugin-craft\wp-content\plugins\wp-crud-employee\MyEmployees.php on line 188
[24-Oct-2024 19:19:10 UTC] PHP Warning:  Undefined array key "email" in C:\laragon\www\wp-plugin-craft\wp-content\plugins\wp-crud-employee\MyEmployees.php on line 189
[24-Oct-2024 19:19:10 UTC] PHP Warning:  Undefined array key "designation" in C:\laragon\www\wp-plugin-craft\wp-content\plugins\wp-crud-employee\MyEmployees.php on line 190
[24-Oct-2024 19:22:40 UTC] PHP Warning:  Undefined array key "name" in C:\laragon\www\wp-plugin-craft\wp-content\plugins\wp-crud-employee\MyEmployees.php on line 188
[24-Oct-2024 19:22:40 UTC] PHP Warning:  Undefined array key "email" in C:\laragon\www\wp-plugin-craft\wp-content\plugins\wp-crud-employee\MyEmployees.php on line 189
[24-Oct-2024 19:22:40 UTC] PHP Warning:  Undefined array key "designation" in C:\laragon\www\wp-plugin-craft\wp-content\plugins\wp-crud-employee\MyEmployees.php on line 190
[24-Oct-2024 19:24:34 UTC] PHP Warning:  Undefined array key "name" in C:\laragon\www\wp-plugin-craft\wp-content\plugins\wp-crud-employee\MyEmployees.php on line 188
[24-Oct-2024 19:24:34 UTC] PHP Warning:  Undefined array key "email" in C:\laragon\www\wp-plugin-craft\wp-content\plugins\wp-crud-employee\MyEmployees.php on line 189
[24-Oct-2024 19:24:34 UTC] PHP Warning:  Undefined array key "designation" in C:\laragon\www\wp-plugin-craft\wp-content\plugins\wp-crud-employee\MyEmployees.php on line 190
[25-Oct-2024 05:39:34 UTC] Automatic updates starting...
[25-Oct-2024 05:39:46 UTC] Automatic updates complete.
[25-Oct-2024 05:49:51 UTC] PHP Warning:  Undefined array key "name" in C:\laragon\www\wp-plugin-craft\wp-content\plugins\wp-crud-employee\MyEmployees.php on line 188
[25-Oct-2024 05:49:51 UTC] PHP Warning:  Undefined array key "email" in C:\laragon\www\wp-plugin-craft\wp-content\plugins\wp-crud-employee\MyEmployees.php on line 189
[25-Oct-2024 05:49:51 UTC] PHP Warning:  Undefined array key "designation" in C:\laragon\www\wp-plugin-craft\wp-content\plugins\wp-crud-employee\MyEmployees.php on line 190
[25-Oct-2024 05:51:47 UTC] PHP Warning:  Undefined array key "name" in C:\laragon\www\wp-plugin-craft\wp-content\plugins\wp-crud-employee\MyEmployees.php on line 188
[25-Oct-2024 05:51:47 UTC] PHP Warning:  Undefined array key "email" in C:\laragon\www\wp-plugin-craft\wp-content\plugins\wp-crud-employee\MyEmployees.php on line 189
[25-Oct-2024 05:51:47 UTC] PHP Warning:  Undefined array key "designation" in C:\laragon\www\wp-plugin-craft\wp-content\plugins\wp-crud-employee\MyEmployees.php on line 190
[25-Oct-2024 05:56:59 UTC] PHP Warning:  Undefined array key "name" in C:\laragon\www\wp-plugin-craft\wp-content\plugins\wp-crud-employee\MyEmployees.php on line 188
[25-Oct-2024 05:56:59 UTC] PHP Warning:  Undefined array key "email" in C:\laragon\www\wp-plugin-craft\wp-content\plugins\wp-crud-employee\MyEmployees.php on line 189
[25-Oct-2024 05:56:59 UTC] PHP Warning:  Undefined array key "designation" in C:\laragon\www\wp-plugin-craft\wp-content\plugins\wp-crud-employee\MyEmployees.php on line 190
[25-Oct-2024 06:04:36 UTC] PHP Warning:  Undefined array key "name" in C:\laragon\www\wp-plugin-craft\wp-content\plugins\wp-crud-employee\MyEmployees.php on line 188
[25-Oct-2024 06:04:36 UTC] PHP Warning:  Undefined array key "email" in C:\laragon\www\wp-plugin-craft\wp-content\plugins\wp-crud-employee\MyEmployees.php on line 189
[25-Oct-2024 06:04:36 UTC] PHP Warning:  Undefined array key "designation" in C:\laragon\www\wp-plugin-craft\wp-content\plugins\wp-crud-employee\MyEmployees.php on line 190
[25-Oct-2024 09:05:54 UTC] Automatic updates starting...
[25-Oct-2024 09:05:56 UTC] Automatic updates complete.
[26-Oct-2024 07:50:15 UTC] Automatic updates starting...
[26-Oct-2024 07:50:18 UTC] Automatic updates complete.
[27-Oct-2024 08:51:29 UTC] Automatic updates starting...
[27-Oct-2024 08:51:32 UTC] Automatic updates complete.
[27-Oct-2024 08:51:48 UTC] PHP Warning:  mysqli_real_connect(): (HY000/2002): No connection could be made because the target machine actively refused it in D:\xampp\htdocs\wp-plugin-craft\wp-includes\class-wpdb.php on line 1982
[27-Oct-2024 08:52:00 UTC] PHP Warning:  mysqli_real_connect(): (HY000/2002): No connection could be made because the target machine actively refused it in D:\xampp\htdocs\wp-plugin-craft\wp-includes\class-wpdb.php on line 1982
[27-Oct-2024 08:52:04 UTC] PHP Warning:  mysqli_real_connect(): (HY000/2002): No connection could be made because the target machine actively refused it in D:\xampp\htdocs\wp-plugin-craft\wp-includes\class-wpdb.php on line 1982
[27-Oct-2024 08:52:04 UTC] PHP Warning:  mysqli_real_connect(): (HY000/2002): No connection could be made because the target machine actively refused it in D:\xampp\htdocs\wp-plugin-craft\wp-includes\class-wpdb.php on line 1982
[27-Oct-2024 08:53:16 UTC] PHP Fatal error:  Uncaught Error: Call to undefined function wc_get_product() in D:\xampp\htdocs\wp-plugin-craft\wp-content\plugins\wp-custom-wocom-product\wp-custom-wocom-product.php:25
Stack trace:
#0 D:\xampp\htdocs\wp-plugin-craft\wp-admin\includes\plugin.php(2387): include_once()
#1 D:\xampp\htdocs\wp-plugin-craft\wp-admin\includes\plugin.php(673): plugin_sandbox_scrape('wp-custom-wocom...')
#2 D:\xampp\htdocs\wp-plugin-craft\wp-admin\plugins.php(60): activate_plugin('wp-custom-wocom...', 'http://localhos...', false)
#3 {main}
  thrown in D:\xampp\htdocs\wp-plugin-craft\wp-content\plugins\wp-custom-wocom-product\wp-custom-wocom-product.php on line 25
[27-Oct-2024 09:02:58 UTC] PHP Fatal error:  Uncaught Error: Undefined constant "WCP_PLUGIN_DIR" in D:\xampp\htdocs\wp-plugin-craft\wp-content\plugins\wp-custom-wocom-product\wp-custom-wocom-product.php:23
Stack trace:
#0 D:\xampp\htdocs\wp-plugin-craft\wp-includes\class-wp-hook.php(324): wcp_add_woocommerce_product_layout('')
#1 D:\xampp\htdocs\wp-plugin-craft\wp-includes\class-wp-hook.php(348): WP_Hook->apply_filters('', Array)
#2 D:\xampp\htdocs\wp-plugin-craft\wp-includes\plugin.php(517): WP_Hook->do_action(Array)
#3 D:\xampp\htdocs\wp-plugin-craft\wp-admin\admin.php(259): do_action('toplevel_page_w...')
#4 {main}
  thrown in D:\xampp\htdocs\wp-plugin-craft\wp-content\plugins\wp-custom-wocom-product\wp-custom-wocom-product.php on line 23
[27-Oct-2024 09:06:14 UTC] Automatic updates starting...
[27-Oct-2024 09:06:14 UTC] Automatic updates complete.
[27-Oct-2024 09:20:04 UTC] PHP Fatal error:  Uncaught Error: Undefined constant "WCP_PLUGIN_DIR" in D:\xampp\htdocs\wp-plugin-craft\wp-content\plugins\wp-custom-wocom-product\wp-custom-wocom-product.php:23
Stack trace:
#0 D:\xampp\htdocs\wp-plugin-craft\wp-includes\class-wp-hook.php(324): wcp_add_woocommerce_product_layout('')
#1 D:\xampp\htdocs\wp-plugin-craft\wp-includes\class-wp-hook.php(348): WP_Hook->apply_filters('', Array)
#2 D:\xampp\htdocs\wp-plugin-craft\wp-includes\plugin.php(517): WP_Hook->do_action(Array)
#3 D:\xampp\htdocs\wp-plugin-craft\wp-admin\admin.php(259): do_action('toplevel_page_w...')
#4 {main}
  thrown in D:\xampp\htdocs\wp-plugin-craft\wp-content\plugins\wp-custom-wocom-product\wp-custom-wocom-product.php on line 23
[27-Oct-2024 09:35:07 UTC] PHP Fatal error:  Uncaught Error: Undefined constant "WCP_PLUGIN_DIR" in D:\xampp\htdocs\wp-plugin-craft\wp-content\plugins\wp-custom-wocom-product\wp-custom-wocom-product.php:23
Stack trace:
#0 D:\xampp\htdocs\wp-plugin-craft\wp-includes\class-wp-hook.php(324): wcp_add_woocommerce_product_layout('')
#1 D:\xampp\htdocs\wp-plugin-craft\wp-includes\class-wp-hook.php(348): WP_Hook->apply_filters('', Array)
#2 D:\xampp\htdocs\wp-plugin-craft\wp-includes\plugin.php(517): WP_Hook->do_action(Array)
#3 D:\xampp\htdocs\wp-plugin-craft\wp-admin\admin.php(259): do_action('toplevel_page_w...')
#4 {main}
  thrown in D:\xampp\htdocs\wp-plugin-craft\wp-content\plugins\wp-custom-wocom-product\wp-custom-wocom-product.php on line 23
[28-Oct-2024 11:52:20 UTC] Automatic updates starting...
[28-Oct-2024 11:52:22 UTC] Automatic updates complete.
[28-Oct-2024 11:55:22 UTC] Cron reschedule event error for hook: action_scheduler_run_queue, Error code: invalid_schedule, Error message: Event schedule does not exist., Data: {"schedule":"every_minute","args":["WP Cron"],"interval":60}
[28-Oct-2024 16:17:29 UTC] Cron reschedule event error for hook: action_scheduler_run_queue, Error code: invalid_schedule, Error message: Event schedule does not exist., Data: {"schedule":"every_minute","args":["WP Cron"],"interval":60}
[29-Oct-2024 07:54:46 UTC] PHP Deprecated:  parse_str(): Passing null to parameter #1 ($string) of type string is deprecated in C:\laragon\www\wp-plugin-craft\wp-content\plugins\woocommerce\src\Admin\WCAdminHelper.php on line 157
[29-Oct-2024 07:54:51 UTC] Automatic updates starting...
[29-Oct-2024 07:54:54 UTC] Automatic updates complete.
[29-Oct-2024 09:06:38 UTC] Automatic updates starting...
[29-Oct-2024 09:06:38 UTC] Automatic updates complete.
[29-Oct-2024 10:24:08 UTC] PHP Deprecated:  parse_str(): Passing null to parameter #1 ($string) of type string is deprecated in C:\laragon\www\wp-plugin-craft\wp-content\plugins\woocommerce\src\Admin\WCAdminHelper.php on line 157
